<?xml version="1.0" encoding="utf-8"?>
<TestRun id="8b50d6a6-b14a-4be8-b954-be71d61239b3" name="onein@DESKTOP-LO3ULCF 2023-11-05 17:20:02" runUser="DESKTOP-LO3ULCF\onein" xmlns="http://microsoft.com/schemas/VisualStudio/TeamTest/2010">
  <Times creation="2023-11-05T17:20:02.5362895+09:00" queuing="2023-11-05T17:20:02.5362902+09:00" start="2023-11-05T17:19:25.9554878+09:00" finish="2023-11-05T17:20:04.8219773+09:00" />
  <TestSettings name="default" id="e752c049-b328-4d6a-a68d-64f7d43eeffb">
    <Deployment runDeploymentRoot="onein_DESKTOP-LO3ULCF_2023-11-05_17_20_02" />
  </TestSettings>
  <Results>
    <UnitTestResult executionId="827c4511-78c2-4fa0-aa04-9a0b48ec95fd" testId="c52d2196-edbe-5021-45ac-1de6516a7081" testName="TestFolders" computerName="DESKTOP-LO3ULCF" duration="00:00:09.8607527" startTime="2023-11-05T17:19:27.4008621+09:00" endTime="2023-11-05T17:20:02.4428254+09:00" testType="13cdc9d9-ddb5-4fa4-a97d-d965ccfc6d4b" outcome="Failed" testListId="8c84fa94-04c1-424b-9868-57a2d4851a1d" relativeResultsDirectory="827c4511-78c2-4fa0-aa04-9a0b48ec95fd">
      <Output>
        <ErrorInfo>
          <Message>Test method Files.InteractionTests.Tests.FolderTests.TestFolders threw exception: &#xD;
System.ArgumentException: The argument must be a non-empty IEnumerable (Parameter 'desktopElements')</Message>
          <StackTrace>    at Axe.Windows.Automation.TargetElementLocator.GetA11yElementsFromDesktopElements(IEnumerable`1 desktopElements)+MoveNext() in D:\a\_work\1\s\src\Automation\TargetElementLocator.cs:line 32&#xD;
   at System.Linq.Enumerable.Any[TSource](IEnumerable`1 source)&#xD;
   at Axe.Windows.Automation.SnapshotCommand.GetScanOutput(Config config, IScanTools scanTools, CancellationToken cancellationToken) in D:\a\_work\1\s\src\Automation\SnapshotCommand.cs:line 71&#xD;
   at Axe.Windows.Automation.SnapshotCommand.Execute(Config config, IScanTools scanTools) in D:\a\_work\1\s\src\Automation\SnapshotCommand.cs:line 48&#xD;
   at Axe.Windows.Automation.Scanner.Scan(ScanOptions scanOptions) in D:\a\_work\1\s\src\Automation\Scanner.cs:line 38&#xD;
   at Files.InteractionTests.Helper.AxeHelper.AssertNoAccessibilityErrors() in C:\Users\onein\source\repos\Files\tests\Files.InteractionTests\Helper\AxeHelper.cs:line 27&#xD;
   at Files.InteractionTests.Tests.FolderTests.CreateFolderTest() in C:\Users\onein\source\repos\Files\tests\Files.InteractionTests\Tests\FolderTests.cs:line 66&#xD;
   at Files.InteractionTests.Tests.FolderTests.TestFolders() in C:\Users\onein\source\repos\Files\tests\Files.InteractionTests\Tests\FolderTests.cs:line 26&#xD;
   at System.RuntimeMethodHandle.InvokeMethod(Object target, Void** arguments, Signature sig, Boolean isConstructor)&#xD;
   at System.Reflection.MethodInvoker.Invoke(Object obj, IntPtr* args, BindingFlags invokeAttr)&#xD;
</StackTrace>
        </ErrorInfo>
      </Output>
    </UnitTestResult>
    <UnitTestResult executionId="04b1ef21-839c-4131-bb35-53533af1d929" testId="5e205417-412c-8f75-4503-6994f98c903c" testName="VerifySettingsAreAccessible" computerName="DESKTOP-LO3ULCF" duration="00:00:01.4128082" startTime="2023-11-05T17:20:02.9368743+09:00" endTime="2023-11-05T17:20:04.6956039+09:00" testType="13cdc9d9-ddb5-4fa4-a97d-d965ccfc6d4b" outcome="Failed" testListId="8c84fa94-04c1-424b-9868-57a2d4851a1d" relativeResultsDirectory="04b1ef21-839c-4131-bb35-53533af1d929">
      <Output>
        <ErrorInfo>
          <Message>Test method Files.InteractionTests.Tests.SettingsTests.VerifySettingsAreAccessible threw exception: &#xD;
System.ArgumentException: The argument must be a non-empty IEnumerable (Parameter 'desktopElements')</Message>
          <StackTrace>    at Axe.Windows.Automation.TargetElementLocator.GetA11yElementsFromDesktopElements(IEnumerable`1 desktopElements)+MoveNext() in D:\a\_work\1\s\src\Automation\TargetElementLocator.cs:line 32&#xD;
   at System.Linq.Enumerable.Any[TSource](IEnumerable`1 source)&#xD;
   at Axe.Windows.Automation.SnapshotCommand.GetScanOutput(Config config, IScanTools scanTools, CancellationToken cancellationToken) in D:\a\_work\1\s\src\Automation\SnapshotCommand.cs:line 71&#xD;
   at Axe.Windows.Automation.SnapshotCommand.Execute(Config config, IScanTools scanTools) in D:\a\_work\1\s\src\Automation\SnapshotCommand.cs:line 48&#xD;
   at Axe.Windows.Automation.Scanner.Scan(ScanOptions scanOptions) in D:\a\_work\1\s\src\Automation\Scanner.cs:line 38&#xD;
   at Files.InteractionTests.Helper.AxeHelper.AssertNoAccessibilityErrors() in C:\Users\onein\source\repos\Files\tests\Files.InteractionTests\Helper\AxeHelper.cs:line 27&#xD;
   at Files.InteractionTests.Tests.SettingsTests.VerifySettingsAreAccessible() in C:\Users\onein\source\repos\Files\tests\Files.InteractionTests\Tests\SettingsTests.cs:line 25&#xD;
   at System.RuntimeMethodHandle.InvokeMethod(Object target, Void** arguments, Signature sig, Boolean isConstructor)&#xD;
   at System.Reflection.MethodInvoker.Invoke(Object obj, IntPtr* args, BindingFlags invokeAttr)&#xD;
</StackTrace>
        </ErrorInfo>
      </Output>
    </UnitTestResult>
    <UnitTestResult executionId="fcb70797-9662-4303-8a90-5ebf67ed06bc" testId="765984a0-e1bb-076d-58b7-43bbef213cbc" testName="SessionGetsInitialized" computerName="DESKTOP-LO3ULCF" duration="00:00:00.4630856" startTime="2023-11-05T17:20:02.4711482+09:00" endTime="2023-11-05T17:20:02.9352870+09:00" testType="13cdc9d9-ddb5-4fa4-a97d-d965ccfc6d4b" outcome="Failed" testListId="8c84fa94-04c1-424b-9868-57a2d4851a1d" relativeResultsDirectory="fcb70797-9662-4303-8a90-5ebf67ed06bc">
      <Output>
        <ErrorInfo>
          <Message>Test method Files.InteractionTests.Tests.GeneralAppTests.SessionGetsInitialized threw exception: &#xD;
System.ArgumentException: The argument must be a non-empty IEnumerable (Parameter 'desktopElements')</Message>
          <StackTrace>    at Axe.Windows.Automation.TargetElementLocator.GetA11yElementsFromDesktopElements(IEnumerable`1 desktopElements)+MoveNext() in D:\a\_work\1\s\src\Automation\TargetElementLocator.cs:line 32&#xD;
   at System.Linq.Enumerable.Any[TSource](IEnumerable`1 source)&#xD;
   at Axe.Windows.Automation.SnapshotCommand.GetScanOutput(Config config, IScanTools scanTools, CancellationToken cancellationToken) in D:\a\_work\1\s\src\Automation\SnapshotCommand.cs:line 71&#xD;
   at Axe.Windows.Automation.SnapshotCommand.Execute(Config config, IScanTools scanTools) in D:\a\_work\1\s\src\Automation\SnapshotCommand.cs:line 48&#xD;
   at Axe.Windows.Automation.Scanner.Scan(ScanOptions scanOptions) in D:\a\_work\1\s\src\Automation\Scanner.cs:line 38&#xD;
   at Files.InteractionTests.Helper.AxeHelper.AssertNoAccessibilityErrors() in C:\Users\onein\source\repos\Files\tests\Files.InteractionTests\Helper\AxeHelper.cs:line 27&#xD;
   at Files.InteractionTests.Tests.GeneralAppTests.SessionGetsInitialized() in C:\Users\onein\source\repos\Files\tests\Files.InteractionTests\Tests\GeneralAppTests.cs:line 19&#xD;
   at System.RuntimeMethodHandle.InvokeMethod(Object target, Void** arguments, Signature sig, Boolean isConstructor)&#xD;
   at System.Reflection.MethodInvoker.Invoke(Object obj, IntPtr* args, BindingFlags invokeAttr)&#xD;
</StackTrace>
        </ErrorInfo>
      </Output>
    </UnitTestResult>
  </Results>
  <TestDefinitions>
    <UnitTest name="SessionGetsInitialized" storage="c:\users\onein\source\repos\files\tests\files.interactiontests\bin\debug\net7.0\files.interactiontests.dll" id="765984a0-e1bb-076d-58b7-43bbef213cbc">
      <Execution id="fcb70797-9662-4303-8a90-5ebf67ed06bc" />
      <TestMethod codeBase="C:\Users\onein\source\repos\Files\tests\Files.InteractionTests\bin\Debug\net7.0\Files.InteractionTests.dll" adapterTypeName="executor://mstestadapter/v2" className="Files.InteractionTests.Tests.GeneralAppTests" name="SessionGetsInitialized" />
    </UnitTest>
    <UnitTest name="VerifySettingsAreAccessible" storage="c:\users\onein\source\repos\files\tests\files.interactiontests\bin\debug\net7.0\files.interactiontests.dll" id="5e205417-412c-8f75-4503-6994f98c903c">
      <Execution id="04b1ef21-839c-4131-bb35-53533af1d929" />
      <TestMethod codeBase="C:\Users\onein\source\repos\Files\tests\Files.InteractionTests\bin\Debug\net7.0\Files.InteractionTests.dll" adapterTypeName="executor://mstestadapter/v2" className="Files.InteractionTests.Tests.SettingsTests" name="VerifySettingsAreAccessible" />
    </UnitTest>
    <UnitTest name="TestFolders" storage="c:\users\onein\source\repos\files\tests\files.interactiontests\bin\debug\net7.0\files.interactiontests.dll" id="c52d2196-edbe-5021-45ac-1de6516a7081">
      <Execution id="827c4511-78c2-4fa0-aa04-9a0b48ec95fd" />
      <TestMethod codeBase="C:\Users\onein\source\repos\Files\tests\Files.InteractionTests\bin\Debug\net7.0\Files.InteractionTests.dll" adapterTypeName="executor://mstestadapter/v2" className="Files.InteractionTests.Tests.FolderTests" name="TestFolders" />
    </UnitTest>
  </TestDefinitions>
  <TestEntries>
    <TestEntry testId="c52d2196-edbe-5021-45ac-1de6516a7081" executionId="827c4511-78c2-4fa0-aa04-9a0b48ec95fd" testListId="8c84fa94-04c1-424b-9868-57a2d4851a1d" />
    <TestEntry testId="5e205417-412c-8f75-4503-6994f98c903c" executionId="04b1ef21-839c-4131-bb35-53533af1d929" testListId="8c84fa94-04c1-424b-9868-57a2d4851a1d" />
    <TestEntry testId="765984a0-e1bb-076d-58b7-43bbef213cbc" executionId="fcb70797-9662-4303-8a90-5ebf67ed06bc" testListId="8c84fa94-04c1-424b-9868-57a2d4851a1d" />
  </TestEntries>
  <TestLists>
    <TestList name="Results Not in a List" id="8c84fa94-04c1-424b-9868-57a2d4851a1d" />
    <TestList name="All Loaded Results" id="19431567-8539-422a-85d7-44ee4e166bda" />
  </TestLists>
  <ResultSummary outcome="Failed">
    <Counters total="3" executed="3" passed="0" failed="3" error="0" timeout="0" aborted="0" inconclusive="0" passedButRunAborted="0" notRunnable="0" notExecuted="0" disconnected="0" warning="0" completed="0" inProgress="0" pending="0" />
  </ResultSummary>
</TestRun>